This is pdfeTeX, Version 3.141592-1.30.6-2.2 (MiKTeX 2.5) (preloaded format=pdftex 2007.6.4)  6 SEP 2007 23:06
entering extended mode
**C:/tmp/srcs/allegro/docs/texi/allegro.texi
(C:\tmp\srcs\allegro\docs\texi\allegro.texi
("C:\Programme\MiKTeX 2.5\tex\texinfo\base\texinfo.tex"
Loading texinfo [version 2006-07-16.16]: Basics,
\bindingoffset=\dimen16
\normaloffset=\dimen17
\pagewidth=\dimen18
\pageheight=\dimen19
\outerhsize=\dimen20
\outervsize=\dimen21
\cornerlong=\dimen22
\cornerthick=\dimen23
\topandbottommargin=\dimen24
\headlinebox=\box16
\footlinebox=\box17
\margin=\insert252
\EMsimple=\toks12
\groupbox=\box18
\groupinvalidhelp=\toks13
\mil=\dimen25
\exdentamount=\skip18
\inmarginspacing=\skip19
 pdf,
\tempnum=\count26
\lnkcount=\count27
\filename=\toks14
\filenamelength=\count28
\pgn=\count29
\toksA=\toks15
\toksB=\toks16
\toksC=\toks17
\toksD=\toks18
\boxA=\box19
\countA=\count30

("C:\Programme\MiKTeX 2.5\tex\plain\misc\pdfcolor.tex") fonts,
\sffam=\fam8
\textleading=\dimen26
\fontdepth=\count31
 page headings,
\titlepagetopglue=\skip20
\titlepagebottomglue=\skip21
\evenheadline=\toks19
\oddheadline=\toks20
\evenfootline=\toks21
\oddfootline=\toks22

tables,
\tableindent=\dimen27
\itemindent=\dimen28
\itemmargin=\dimen29
\itemmax=\dimen30
\itemno=\count32
\multitableparskip=\skip22
\multitableparindent=\skip23
\multitablecolspace=\dimen31
\multitablelinespace=\skip24
\colcount=\count33
\everytab=\toks23
 conditionals,
\doignorecount=\count34
 indexing,
\secondaryindent=\skip25
\partialpage=\box20
\doublecolumnhsize=\dimen32
 sectioning,
\unnumberedno=\count35
\chapno=\count36
\secno=\count37
\subsecno=\count38
\subsubsecno=\count39
\appendixno=\count40
\absseclevel=\count41
\secbase=\count42
\chapheadingskip=\skip26
\secheadingskip=\skip27
\subsecheadingskip=\skip28
 toc,
\tocfile=\write0
\contentsrightmargin=\skip29
\savepageno=\count43
\lastnegativepageno=\count44
\tocindent=\dimen33
 environments,
\errorbox=\box21
\lispnarrowing=\skip30
\envskipamount=\skip31
\circthick=\dimen34
\cartouter=\dimen35
\cartinner=\dimen36
\normbskip=\skip32
\normpskip=\skip33
\normlskip=\skip34
\lskip=\skip35
\rskip=\skip36
\tabw=\dimen37
 defuns,
\defbodyindent=\skip37
\defargsindent=\skip38
\deflastargmargin=\skip39
\parencount=\count45
\brackcount=\count46
 macros,
\paramno=\count47
\macname=\toks24

cross references,
\auxfile=\write1
\savesfregister=\count48
 insertions,
\footnoteno=\count49
\SAVEfootins=\box22
\SAVEmargin=\box23

("C:\Programme\MiKTeX 2.5\tex\generic\epsf\epsf.tex"
This is `epsf.tex' v2.7.3 <23 July 2005>
\epsffilein=\read0
\epsfframemargin=\dimen38
\epsfframethickness=\dimen39
\epsfrsize=\dimen40
\epsftmp=\dimen41
\epsftsize=\dimen42
\epsfxsize=\dimen43
\epsfysize=\dimen44
\pspoints=\dimen45
)
\noepsfhelp=\toks25
 localization,
\nolanghelp=\toks26
\defaultparindent=\dimen46
 and turning on texinfo input format.) (allegro.aux)
@cpindfile=@write2
@fnindfile=@write3
@vrindfile=@write4
@tpindfile=@write5
@kyindfile=@write6
@pgindfile=@write7
 [1{psfonts.map}] Chapter 1 [1] [2] [3] [4]
Overfull \hbox (38.26584pt too wide) in paragraph at lines 399--399
 []@texttt /* Check if the cur-rent ver-sion is com-pat-i-ble with Al-le-gro 4.
2.0 */[] |

@hbox(7.60416+2.43333)x433.62
.@glue(@leftskip) 86.72375
.@hbox(0.0+0.0)x0.0
.@texttt /
.@texttt *
.@penalty 10000
.etc.

[5] [6] [7] [8] [9] [10] [11] [12] [13] [14]
Overfull \hbox (15.27109pt too wide) in paragraph at lines 992--992
 []                                   @texttt have? (note the misspelling)[] |

@hbox(7.60416+2.43333)x433.62
.@glue(@leftskip) 86.72375
.@hbox(0.0+0.0)x0.0
.@penalty 10000
.@glue 5.74869
.@penalty 10000
.etc.

[15]
Underfull \hbox (badness 3557) in paragraph at lines 1033--1035
 []@textrm Structure re-turned by get[]gfx[]mode[]list, which con-tains an ar-r
ay of

@hbox(7.60416+2.12917)x433.62, glue set 3.29286
.@glue(@leftskip) 57.81621
.@hbox(0.0+0.0)x0.0
.@textrm S
.@textrm t
.@textrm r
.etc.

[16] [17] [18] [19] [20] [21] [22] [23] [24] [25] [26] [27] [28] [29]
Overfull \hbox (21.01978pt too wide) in paragraph at lines 1842--1842
 []@texttt do_uconvert(input_string, U_CURRENT, temp_string, U_ASCII, 256);[] |


@hbox(7.60416+2.43333)x433.62
.@glue(@leftskip) 86.72375
.@hbox(0.0+0.0)x0.0
.@texttt d
.@texttt o
.@texttt _
.etc.

[30]
Overfull \hbox (32.51715pt too wide) in paragraph at lines 1875--1875
 []@texttt char *p = ucon-vert(input_string, U_CURRENT, buffer, U_ASCII, 256); 
|

@hbox(7.60416+2.43333)x433.62
.@glue(@leftskip) 86.72375
.@hbox(0.0+0.0)x0.0
.@texttt c
.@texttt h
.@texttt a
.etc.

[31] [32] [33] [34] [35] [36] [37] [38] [39] [40] [41] [42] [43] [44] [45]
[46] [47] [48]
Overfull \hbox (49.76321pt too wide) in paragraph at lines 2849--2849
 []@texttt uszprintf(buffer, sizeof(buffer), "Your score is: %d", player_score)
; |

@hbox(7.60416+2.43333)x433.62
.@glue(@leftskip) 86.72375
.@hbox(0.0+0.0)x0.0
.@texttt u
.@texttt s
.@texttt z
.etc.

[49]
Overfull \hbox (21.01978pt too wide) in paragraph at lines 2900--2900
 []   @texttt send_buffer_to_other_networked_players(multicast_ip, buffer);[] |


@hbox(7.60416+2.43333)x433.62
.@glue(@leftskip) 86.72375
.@hbox(0.0+0.0)x0.0
.@penalty 10000
.@glue 5.74869
.@penalty 10000
.etc.


Overfull \hbox (21.01978pt too wide) in paragraph at lines 2906--2906
 []   @texttt log_message("Hello %s, are you %d years old?\n", "Dave", 25);[] |


@hbox(7.60416+2.43333)x433.62
.@glue(@leftskip) 86.72375
.@hbox(0.0+0.0)x0.0
.@penalty 10000
.@glue 5.74869
.@penalty 10000
.etc.

[50] [51] [52] [53] [54]
Overfull \hbox (55.5119pt too wide) in paragraph at lines 3191--3191
 []@texttt const char *de-code_encrypted_string(const char *name, const char *d
ef)[] |

@hbox(7.60416+2.43333)x433.62
.@glue(@leftskip) 86.72375
.@hbox(0.0+0.0)x0.0
.@texttt c
.@texttt o
.@texttt n
.etc.


Overfull \hbox (26.76846pt too wide) in paragraph at lines 3196--3196
 []@texttt void en-code_plaintext_string(const char *name, const char *value)[]
 |

@hbox(7.60416+2.43333)x433.62
.@glue(@leftskip) 86.72375
.@hbox(0.0+0.0)x0.0
.@texttt v
.@texttt o
.@texttt i
.etc.


Overfull \hbox (26.76846pt too wide) in paragraph at lines 3204--3204
 []   @texttt /* Make it harder for users to tin-ker with the high scores. */[]
 |

@hbox(7.60416+2.43333)x433.62
.@glue(@leftskip) 86.72375
.@hbox(0.0+0.0)x0.0
.@penalty 10000
.@glue 5.74869
.@penalty 10000
.etc.

[55]
Overfull \hbox (26.76846pt too wide) in paragraph at lines 3239--3239
 []@texttt const char *lang = get_config_string("system", "lan-guage", "EN");[]
 |

@hbox(7.60416+2.43333)x433.62
.@glue(@leftskip) 86.72375
.@hbox(0.0+0.0)x0.0
.@texttt c
.@texttt o
.@texttt n
.etc.

[56] [57] [58] [59] [60] [61] [62]
Underfull \hbox (badness 10000) in paragraph at lines 3616--3623
 []@textrm Specifies which graph-ics driver to use when the pro-gram re-quests

@hbox(7.60416+2.12917)x433.62, glue set 4.71182
.@glue(@leftskip) 43.36243
.@hbox(0.0+0.0)x0.0
.@textrm S
.@textrm p
.@kern0.30417
.etc.


Underfull \hbox (badness 10000) in paragraph at lines 3623--3629
 []@textrm Specifies which graph-ics driver to use when the pro-gram re-quests

@hbox(7.60416+2.12917)x433.62, glue set 4.71182
.@glue(@leftskip) 43.36243
.@hbox(0.0+0.0)x0.0
.@textrm S
.@textrm p
.@kern0.30417
.etc.


Underfull \hbox (badness 6094) in paragraph at lines 3623--3629
 @textrm GFX[]AUTODETECT[]WINDOWED. This vari-able func-tions ex-actly like

@hbox(7.60416+2.12917)x433.62, glue set 3.93687
.@glue(@leftskip) 43.36243
.@textrm G
.@textrm F
.@textrm X
.@kern 0.76657
.etc.

[63]
Underfull \hbox (badness 3323) in paragraph at lines 3652--3659
 []@textrm Windows only: spec-i-fies whether to dis-able di-rect up-dat-ing whe
n the

@hbox(7.60416+2.12917)x433.62, glue set 3.2173
.@glue(@leftskip) 43.36243
.@hbox(0.0+0.0)x0.0
.@textrm W
.@textrm i
.@textrm n
.etc.

[64] [65] [66] [67]
Underfull \hbox (badness 10000) in paragraph at lines 3961--3965
 []@textrm Specifies which joy-stick driver to use when the pro-gram re-quests

@hbox(7.60416+2.12917)x433.62, glue set 4.91737
.@glue(@leftskip) 43.36243
.@hbox(0.0+0.0)x0.0
.@textrm S
.@textrm p
.@kern0.30417
.etc.

[68]
Underfull \hbox (badness 3375) in paragraph at lines 3999--4006
 []@textrm Allegro is re-spon-si-ble for draw-ing the mouse cur-sor from a time
r. Use

@hbox(7.60416+2.12917)x433.62, glue set 3.23486
.@glue(@leftskip) 21.68121
.@hbox(0.0+0.0)x0.0
.@textrm A
.@textrm l
.@textrm l
.etc.

[69] [70] [71]
Underfull \hbox (badness 2277) in paragraph at lines 4202--4205
 []@textrm Selects the cus-tom Al-le-gro cur-sor, i.e. the one that you set wit
h

@hbox(7.60416+2.12917)x433.62, glue set 2.83546
.@glue(@leftskip) 57.81621
.@hbox(0.0+0.0)x0.0
.@textrm S
.@textrm e
.@textrm l
.etc.

[72] [73] [74] [75] [76] [77] [78] [79]
Underfull \hbox (badness 3302) in paragraph at lines 4606--4614
 []@textrm Called by the in-ter-rupt han-dler when-ever the mouse moves or one

@hbox(7.60416+2.12917)x433.62, glue set 3.21031
.@glue(@leftskip) 57.81621
.@hbox(0.0+0.0)x0.0
.@textrm C
.@textrm a
.@textrm l
.etc.


Underfull \hbox (badness 4899) in paragraph at lines 4606--4614
 @textrm of the but-tons changes state. This func-tion must be in locked

@hbox(7.60416+2.12917)x433.62, glue set 3.65999
.@glue(@leftskip) 57.81621
.@textrm o
.@textrm f
.@glue 3.65 plus 1.825 minus 1.21666
.@textrm t
.etc.


Underfull \hbox (badness 2600) in paragraph at lines 4606--4614
 @textrm mem-ory, and must ex-e-cute []very[] quickly! It is passed the event

@hbox(7.60416+2.12917)x433.62, glue set 2.96378
.@glue(@leftskip) 57.81621
.@textrm m
.@textrm e
.@textrm m
.@discretionary
..@textrm -
.etc.


Underfull \hbox (badness 2865) in paragraph at lines 4606--4614
 @textrm flags that trig-gered the call, which is a bit-mask con-tain-ing any o
f

@hbox(7.60416+2.12917)x433.62, glue set 3.0625
.@glue(@leftskip) 57.81621
.@textrm  (ligature fl)
.@textrm a
.@textrm g
.@textrm s
.etc.


Underfull \hbox (badness 10000) in paragraph at lines 4606--4614
 @textrm the val-ues MOUSE[]FLAG[]MOVE, MOUSE[]FLAG[]LEFT[]DOWN,

@hbox(7.60416+2.12917)x433.62, glue set 9.06197
.@glue(@leftskip) 57.81621
.@textrm t
.@textrm h
.@textrm e
.@glue 3.65 plus 1.825 minus 1.21666
.etc.


Underfull \hbox (badness 10000) in paragraph at lines 4606--4614
 @textrm MOUSE[]FLAG[]LEFT[]UP, MOUSE[]FLAG[]RIGHT[]DOWN,

@hbox(7.48248+2.12917)x433.62, glue set 43.12085
.@glue(@leftskip) 57.81621
.@textrm M
.@textrm O
.@textrm U
.@textrm S
.etc.


Underfull \hbox (badness 10000) in paragraph at lines 4606--4614
 @textrm MOUSE[]FLAG[]RIGHT[]UP, MOUSE[]FLAG[]MIDDLE[]DOWN,

@hbox(7.48248+2.12917)x433.62, glue set 34.53749
.@glue(@leftskip) 57.81621
.@textrm M
.@textrm O
.@textrm U
.@textrm S
.etc.

[80] [81]
Underfull \hbox (badness 10000) in paragraph at lines 4747--4757
 @textrm LOCK[]VARIABLE (vari-able), END[]OF[]FUNCTION (func-tion[]name),

@hbox(8.2125+2.73749)x433.62, glue set 5.26251
.@glue(@leftskip) 57.81621
.@textrm L
.@textrm O
.@textrm C
.@textrm K
.etc.

[82] [83] [84] [85] [86] [87] [88] [89] [90] [91] [92] [93] [94] [95] [96]
[97] [98] [99] [100] [101]
Underfull \hbox (badness 2478) in paragraph at lines 5781--5784
 []@textrm Global ar-ray of joy-stick state in-for-ma-tion, which is up-dated b
y the

@hbox(7.60416+2.12917)x433.62, glue set 2.91656
.@glue(@leftskip) 57.81621
.@hbox(0.0+0.0)x0.0
.@textrm G
.@textrm l
.@textrm o
.etc.

[102]
Overfull \hbox (32.51715pt too wide) in paragraph at lines 5830--5830
 []                                      @texttt have? (note the misspelling)[]
 |

@hbox(7.60416+2.43333)x433.62
.@glue(@leftskip) 86.72375
.@hbox(0.0+0.0)x0.0
.@penalty 10000
.@glue 5.74869
.@penalty 10000
.etc.

[103] [104] [105] [106] [107] [108] [109] [110] [111] [112] [113] [114]
[115] [116] [117] [118] [119] [120] [121] [122] [123] [124] [125] [126]
[127] [128] [129] [130] [131] [132] [133] [134] [135]
Underfull \hbox (badness 2057) in paragraph at lines 7683--7688
 @textrm or call set[]color[]conversion() be-fore load-ing it. In this case, if
 the

@hbox(8.2125+2.73749)x433.62, glue set 2.74336
.@glue(@leftskip) 57.81621
.@textrm o
.@textrm r
.@glue 3.65 plus 1.825 minus 1.21666
.@textrm c
.etc.

[136] [137] [138] [139] [140] [141] [142]
Overfull \hbox (21.01978pt too wide) in paragraph at lines 8019--8019
 []@texttt int save_dump(const char *file-name, BIT-MAP *bmp, const RGB *pal)[]
 |

@hbox(7.60416+2.43333)x433.62
.@glue(@leftskip) 86.72375
.@hbox(0.0+0.0)x0.0
.@texttt i
.@texttt n
.@texttt t
.etc.

[143]
Overfull \hbox (26.76846pt too wide) in paragraph at lines 8084--8084
 []@texttt COLORCONV_EXPAND_256          // ex-pand 256-color to hi/truecolor[]
 |

@hbox(7.60416+2.43333)x433.62
.@glue(@leftskip) 86.72375
.@hbox(0.0+0.0)x0.0
.@texttt C
.@texttt O
.@texttt L
.etc.


Overfull \hbox (26.76846pt too wide) in paragraph at lines 8085--8085
 []@texttt COLORCONV_REDUCE_TO_256       // re-duce hi/truecolor to 256-color[]
 |

@hbox(7.60416+1.04173)x433.62
.@glue(@leftskip) 86.72375
.@hbox(0.0+0.0)x0.0
.@texttt C
.@texttt O
.@texttt L
.etc.


Overfull \hbox (15.27109pt too wide) in paragraph at lines 8090--8090
 []@texttt COLORCONV_24_EQUALS_32        // con-vert be-tween 24- and 32-bit[] 
|

@hbox(7.60416+1.52081)x433.62
.@glue(@leftskip) 86.72375
.@hbox(0.0+0.0)x0.0
.@texttt C
.@texttt O
.@texttt L
.etc.


Overfull \hbox (38.26584pt too wide) in paragraph at lines 8095--8095
 []@texttt COLORCONV_DITHER              // dither dur-ing all color reductions
[] |

@hbox(7.60416+2.43333)x433.62
.@glue(@leftskip) 86.72375
.@hbox(0.0+0.0)x0.0
.@texttt C
.@texttt O
.@texttt L
.etc.


Overfull \hbox (49.76321pt too wide) in paragraph at lines 8096--8096
 []@texttt COLORCONV_KEEP_ALPHA          // con-vert ev-ery-thing to cur-rent f
ormat[] |

@hbox(7.60416+2.43333)x433.62
.@glue(@leftskip) 86.72375
.@hbox(0.0+0.0)x0.0
.@texttt C
.@texttt O
.@texttt L
.etc.


Overfull \hbox (61.26059pt too wide) in paragraph at lines 8097--8097
 []                              @texttt // un-less it would lose al-pha inform
ation[] |

@hbox(7.60416+2.43333)x433.62
.@glue(@leftskip) 86.72375
.@hbox(0.0+0.0)x0.0
.@penalty 10000
.@glue 5.74869
.@penalty 10000
.etc.

[144] [145] [146] [147] [148] [149] [150]
Underfull \hbox (badness 2229) in paragraph at lines 8489--8491
 []@textrm Restores the palette ta-bles that were in use be-fore the last call 
to

@hbox(7.60416+2.12917)x433.62, glue set 2.81554
.@glue(@leftskip) 57.81621
.@hbox(0.0+0.0)x0.0
.@textrm R
.@textrm e
.@textrm s
.etc.

[151] [152] [153] [154] [155]
Underfull \hbox (badness 10000) in paragraph at lines 8768--8774
 @textrm load-ing graph-ics by call-ing the set[]color[]conversion() func-tion,
 for

@hbox(8.2125+2.73749)x433.62, glue set 4.41006
.@glue(@leftskip) 57.81621
.@textrm l
.@textrm o
.@textrm a
.@textrm d
.etc.


Underfull \hbox (badness 10000) in paragraph at lines 8768--8774
 @textrm ex-am-ple set[]color[]conversion(COLORCONV[]REDUCE[]TRUE[]TO[]HI @text
tt |

@hbox(8.2125+2.73749)x433.62, glue set 6.66792
.@glue(@leftskip) 57.81621
.@textrm e
.@textrm x
.@discretionary
..@textrm -
.@textrm a
.etc.

[156] [157] [158] [159] [160] [161] [162] [163] [164] [165] [166] [167]
[168] [169] [170] [171] [172] [173] [174] [175] [176] [177] [178] [179]
[180] [181] [182] [183] [184] [185]
Underfull \hbox (badness 10000) in paragraph at lines 10351--10358
 []@textrm Translucent ver-sion of draw[]rle[]sprite(). See the de-scrip-tion o
f

@hbox(8.2125+2.73749)x433.62, glue set 4.54514
.@glue(@leftskip) 57.81621
.@hbox(0.0+0.0)x0.0
.@textrm T
.@kern-0.91252
.@textrm r
.etc.

[186] [187]
Underfull \hbox (badness 10000) in paragraph at lines 10486--10490
 []@textrm Destroys a com-piled sprite struc-ture pre-vi-ously re-turned by

@hbox(7.60416+2.12917)x433.62, glue set 7.00758
.@glue(@leftskip) 57.81621
.@hbox(0.0+0.0)x0.0
.@textrm D
.@textrm e
.@textrm s
.etc.


Underfull \hbox (badness 5388) in paragraph at lines 10486--10490
 @textrm get[]compiled[]sprite(). If you pass a NULL pointer this func-tion

@hbox(8.2125+2.73749)x433.62, glue set 3.781
.@glue(@leftskip) 57.81621
.@textrm g
.@textrm e
.@textrm t
.@kern 0.76657
.etc.

[188]
Overfull \hbox (15.27109pt too wide) in paragraph at lines 10567--10567
 []@texttt FONT *load_my_font(const char *file-name, RGB *pal, void *param)[] |


@hbox(7.60416+2.43333)x433.62
.@glue(@leftskip) 86.72375
.@hbox(0.0+0.0)x0.0
.@texttt F
.@texttt O
.@texttt N
.etc.

[189]
Overfull \hbox (21.01978pt too wide) in paragraph at lines 10613--10613
 []@texttt textout_centre_ex(screen, my-font, "This is my own pretty font!",[] 
|

@hbox(7.60416+2.43333)x433.62
.@glue(@leftskip) 86.72375
.@hbox(0.0+0.0)x0.0
.@texttt t
.@texttt e
.@texttt x
.etc.

[190]
Overfull \hbox (67.00928pt too wide) in paragraph at lines 10668--10668
 []@texttt textprintf_centre_ex(screen, f, 320, 240, -1, -1, "Anti-aliased Font
!"); |

@hbox(7.60416+2.43333)x433.62
.@glue(@leftskip) 86.72375
.@hbox(0.0+0.0)x0.0
.@texttt t
.@texttt e
.@texttt x
.etc.

[191] [192] [193] [194] [195]
Overfull \hbox (67.00928pt too wide) in paragraph at lines 10887--10887
 []@texttt /* Now trans-pose the char-ac-ters in the font so that they will be 
used */[] |

@hbox(7.60416+2.43333)x433.62
.@glue(@leftskip) 86.72375
.@hbox(0.0+0.0)x0.0
.@texttt /
.@texttt *
.@penalty 10000
.etc.

[196] [197] [198] [199] [200] [201] [202] [203]
Overfull \hbox (15.27109pt too wide) in paragraph at lines 11365--11365
 []@texttt for (num = 0, y = 0; lines[num]; num++, y += text_height(font))[] |

@hbox(7.60416+2.43333)x433.62
.@glue(@leftskip) 86.72375
.@hbox(0.0+0.0)x0.0
.@texttt f
.@texttt o
.@texttt r
.etc.

[204] [205]
Overfull \hbox (15.27109pt too wide) in paragraph at lines 11464--11464
 []@texttt for (num = 0, y = 0; lines[num]; num++, y += text_height(font))[] |

@hbox(7.60416+2.43333)x433.62
.@glue(@leftskip) 86.72375
.@hbox(0.0+0.0)x0.0
.@texttt f
.@texttt o
.@texttt r
.etc.


Overfull \hbox (32.51715pt too wide) in paragraph at lines 11466--11466
 []                         @texttt makecol(0, 0, 0), makecol(255, 255, 255),[]
 |

@hbox(7.60416+1.52081)x433.62
.@glue(@leftskip) 86.72375
.@hbox(0.0+0.0)x0.0
.@penalty 10000
.@glue 5.74869
.@penalty 10000
.etc.

[206] [207] [208] [209] [210] [211] [212] [213] [214] [215] [216] [217]
[218] [219] [220]
Underfull \hbox (badness 10000) in paragraph at lines 12363--12366
 []@textrm DRAW[]MODE[]MASKED[]PATTERN is al-most the same as

@hbox(7.60416+0.0)x433.62, glue set 9.2251
.@glue(@leftskip) 57.81621
.@hbox(0.0+0.0)x0.0
.@textrm D
.@textrm R
.@textrm A
.etc.

[221]
Underfull \hbox (badness 7273) in paragraph at lines 12391--12395
 @textrm xor[]mode(TRUE) is equiv-a-lent to draw-ing[]mode(DRAW[]MODE[]XOR,

@hbox(8.2125+2.73749)x433.62, glue set 4.17838
.@glue(@leftskip) 57.81621
.@textrm x
.@textrm o
.@textrm r
.@kern 0.76657
.etc.


Underfull \hbox (badness 6445) in paragraph at lines 12391--12395
 @textrm NULL, 0, 0). Call-ing xor[]mode(FALSE) is equiv-a-lent to draw-

@hbox(8.2125+2.73749)x433.62, glue set 4.01305
.@glue(@leftskip) 57.81621
.@textrm N
.@textrm U
.@textrm L
.@textrm L
.etc.

[222] [223] [224] [225] [226] [227] [228] [229] [230] [231] [232] [233]
[234] [235]
Underfull \hbox (badness 4036) in paragraph at lines 13097--13102
[]@textrm For true-color modes you should re-place the bmp[]write8() with bmp[]
write16(),

@hbox(8.2125+2.73749)x433.62, glue set 3.43365
.@hbox(0.0+0.0)x0.0
.@textrm F
.@kern-0.91252
.@textrm o
.@textrm r
.etc.

[236] [237] [238] [239] [240] [241]
Underfull \hbox (badness 2103) in paragraph at lines 13462--13468
 []@textrm These vari-ables are set by next[]fli[]frame() to in-di-cate which p
art of

@hbox(8.2125+2.73749)x433.62, glue set 2.76396
.@glue(@leftskip) 57.81621
.@hbox(0.0+0.0)x0.0
.@textrm T
.@textrm h
.@textrm e
.etc.


Underfull \hbox (badness 2103) in paragraph at lines 13487--13493
 []@textrm These vari-ables are set by next[]fli[]frame() to in-di-cate which p
art of

@hbox(8.2125+2.73749)x433.62, glue set 2.76396
.@glue(@leftskip) 57.81621
.@hbox(0.0+0.0)x0.0
.@textrm T
.@textrm h
.@textrm e
.etc.

[242] [243] [244] [245] [246] [247] [248] [249] [250] [251] [252] [253]
[254] [255] [256] [257] [258] [259] [260] [261] [262] [263] [264] [265]
[266]
Overfull \hbox (32.51715pt too wide) in paragraph at lines 14824--14824
 []   @texttt textprintf_ex(screen, font, 0, 0, c, -1, "%d:%02d / %d:%02d\n",[]
 |

@hbox(7.60416+2.43333)x433.62
.@glue(@leftskip) 86.72375
.@hbox(0.0+0.0)x0.0
.@penalty 10000
.@glue 5.74869
.@penalty 10000
.etc.

[267] [268] [269] [270] [271] [272] [273] [274] [275]
Underfull \hbox (badness 3514) in paragraph at lines 15328--15335
 []@textrm Retrieves the most re-cently recorded au-dio buffer into the spec-i-
fied

@hbox(7.60416+2.12917)x433.62, glue set 3.27628
.@glue(@leftskip) 57.81621
.@hbox(0.0+0.0)x0.0
.@textrm R
.@textrm e
.@textrm t
.etc.

[276]
Overfull \hbox (20.69044pt too wide) in paragraph at lines 15393--15393
 []@texttt FA_RDONLY         - Di-rec-tory en-tries that are un-writable for cu
r-rent user[] |

@hbox(6.69167+2.43333)x433.62
.@glue(@leftskip) 28.90755
.@hbox(0.0+0.0)x0.0
.@texttt F
.@texttt A
.@texttt _
.etc.

[277] [278] [279] [280] [281] [282] [283] [284] [285] [286] [287] [288]
Underfull \hbox (badness 5504) in paragraph at lines 16103--16106
 []@textrm Instead of these flags, one of the con-stants F[]READ, F[]WRITE,

@hbox(7.60416+2.12917)x433.62, glue set 3.80789
.@glue(@leftskip) 57.81621
.@hbox(0.0+0.0)x0.0
.@textrm I
.@textrm n
.@textrm s
.etc.

[289]
Underfull \hbox (badness 10000) in paragraph at lines 16196--16200
 []@textrm Closes the stream `f' pre-vi-ously opened with pack[]fopen() or

@hbox(8.2125+2.73749)x433.62, glue set 5.74538
.@glue(@leftskip) 57.81621
.@hbox(0.0+0.0)x0.0
.@textrm C
.@textrm l
.@textrm o
.etc.


Underfull \hbox (badness 3460) in paragraph at lines 16196--16200
 @textrm pack[]fopen[]vtable(). Af-ter you have closed the stream, per-form-ing


@hbox(8.2125+2.73749)x433.62, glue set 3.26193
.@glue(@leftskip) 57.81621
.@textrm p
.@textrm a
.@textrm c
.@kern-0.30418
.etc.

[290] [291] [292] [293] [294] [295] [296] [297] [298] [299] [300] [301]
[302] [303]
Underfull \hbox (badness 2961) in paragraph at lines 16952--16954
 []@textrm This loads a sin-gle ob-ject, us-ing the in-dex cre-ated pre-vi-ousl
y with

@hbox(7.60416+2.12917)x433.62, glue set 3.0946
.@glue(@leftskip) 57.81621
.@hbox(0.0+0.0)x0.0
.@textrm T
.@textrm h
.@textrm i
.etc.

[304] [305] [306] [307] [308]
Underfull \hbox (badness 6236) in paragraph at lines 17178--17182
[]@textrm The main datafile con-tains three ob-jects (NESTED[]FILE, SOME[]DATA,
 and

@hbox(8.2125+2.73749)x433.62, glue set 3.96704
.@hbox(0.0+0.0)x0.0
.@textrm T
.@textrm h
.@textrm e
.@glue 3.65 plus 1.825 minus 1.21666
.etc.

[309]
Underfull \hbox (badness 3417) in paragraph at lines 17276--17281
[]@textrm By de-fault, all graphic ob-jects loaded from a datafile will be con-
verted into

@hbox(7.60416+2.12917)x433.62, glue set 3.24625
.@hbox(0.0+0.0)x0.0
.@textrm B
.@textrm y
.@glue 3.65 plus 1.825 minus 1.21666
.@textrm d
.etc.


Underfull \hbox (badness 2662) in paragraph at lines 17276--17281
@textrm the cur-rent color depth. This con-ver-sion may be both lossy and very 
slow,

@hbox(7.60416+2.12917)x433.62, glue set 2.98927
.@textrm t
.@textrm h
.@textrm e
.@glue 3.65 plus 1.825 minus 1.21666
.@textrm c
.etc.


Underfull \hbox (badness 4229) in paragraph at lines 17276--17281
@textrm par-tic-u-larly when re-duc-ing from true-color to 256 color for-mats, 
so you may

@hbox(7.60416+2.12917)x433.62, glue set 3.4874
.@textrm p
.@textrm a
.@textrm r
.@discretionary
..@textrm -
.@textrm t
.etc.


Underfull \hbox (badness 10000) in paragraph at lines 17276--17281
@textrm wish to dis-able it by call-ing set[]color[]conversion(COLORCONV[]NONE)
 or

@hbox(8.2125+2.73749)x433.62, glue set 5.51216
.@textrm w
.@textrm i
.@textrm s
.@textrm h
.@glue 3.65 plus 1.825 minus 1.21666
.etc.

[310]
Overfull \hbox (14.94176pt too wide) in paragraph at lines 17319--17319
 []    @texttt * pointer to the file from which the data is to be read, and the
 size[] |

@hbox(6.69167+2.43333)x433.62
.@glue(@leftskip) 28.90755
.@hbox(0.0+0.0)x0.0
.@penalty 10000
.@glue 5.74869
.@penalty 10000
.etc.

[311]
Overfull \hbox (14.94176pt too wide) in paragraph at lines 17358--17358
 []    @texttt * ob-ject (as re-turned by the load func-tion), and should free 
whatever[] |

@hbox(7.60416+2.43333)x433.62
.@glue(@leftskip) 28.90755
.@hbox(0.0+0.0)x0.0
.@penalty 10000
.@glue 5.74869
.@penalty 10000
.etc.

[312] [313] [314] [315] [316] [317] [318] [319] [320] [321] [322] [323]
Missing character: There is no ° in font cmtt10!

[324]
Underfull \hbox (badness 2922) in paragraph at lines 18088--18091
[]@textrm For more de-tails, look at the func-tion de-scrip-tions of set[]proje
ction[]viewport(),

@hbox(8.2125+2.73749)x433.62, glue set 3.0832
.@hbox(0.0+0.0)x0.0
.@textrm F
.@kern-0.91252
.@textrm o
.@textrm r
.etc.

[325] [326] [327] [328] [329]
Missing character: There is no ° in font cmr10!
 [330] [331] [332] [333] [334] [335] [336]
[337] [338] [339] [340] [341] [342] [343] [344] [345] [346] [347] [348]
[349] [350] [351] [352] [353] [354] [355] [356] [357] [358] Chapter 2 [359]
Underfull \hbox (badness 7012) in paragraph at lines 20098--20100
 []@textrm The DOS li-brary sup-ports the fol-low-ing type pa-ram-e-ters for th
e

@hbox(7.60416+2.12917)x433.62, glue set 4.12672
.@glue(@leftskip) 57.81621
.@hbox(0.0+0.0)x0.0
.@textrm T
.@textrm h
.@textrm e
.etc.

[360] [361]
Underfull \hbox (badness 3179) in paragraph at lines 20222--20231
 []@textrm These drivers sup-port up to 7 joy-sticks, each one with up to

@hbox(7.60416+2.12917)x433.62, glue set 3.16945
.@glue(@leftskip) 79.49742
.@hbox(0.0+0.0)x0.0
.@textrm T
.@textrm h
.@textrm e
.etc.


Underfull \hbox (badness 4713) in paragraph at lines 20222--20231
 @textrm 5 but-tons, con-nected to LPT1, LPT2, and LPT3 re-spec-tively.

@hbox(7.60416+2.12917)x433.62, glue set 3.61406
.@glue(@leftskip) 79.49742
.@textrm 5
.@glue 3.65 plus 1.825 minus 1.21666
.@textrm b
.@textrm u
.etc.


Underfull \hbox (badness 4467) in paragraph at lines 20222--20231
 @textrm They use the Tur-bo-GraFX in-ter-face by Stef-fen Schwenke: see

@hbox(7.60416+2.12917)x433.62, glue set 3.55203
.@glue(@leftskip) 79.49742
.@textrm T
.@textrm h
.@textrm e
.@textrm y
.etc.

[362] [363] [364] [365] [366] [367]
Underfull \hbox (badness 2318) in paragraph at lines 20587--20589
 []@textrm The Win-dows li-brary sup-ports the fol-low-ing type pa-ram-e-ters f
or the

@hbox(7.60416+2.12917)x433.62, glue set 2.85405
.@glue(@leftskip) 57.81621
.@hbox(0.0+0.0)x0.0
.@textrm T
.@textrm h
.@textrm e
.etc.


Underfull \hbox (badness 2359) in paragraph at lines 20618--20620
 []@textrm The Win-dows li-brary sup-ports the fol-low-ing card pa-ram-e-ters f
or the

@hbox(7.60416+2.12917)x433.62, glue set 2.87071
.@glue(@leftskip) 57.81621
.@hbox(0.0+0.0)x0.0
.@textrm T
.@textrm h
.@textrm e
.etc.

[368] [369] [370] [371]
Underfull \hbox (badness 2980) in paragraph at lines 20810--20820
 @textrm its win-dow. This func-tion must be called *be-fore* ini-tial-iz-ing t
he

@hbox(8.2125+2.12917)x433.62, glue set 3.10332
.@glue(@leftskip) 57.81621
.@textrm i
.@textrm t
.@textrm s
.@glue 3.65 plus 1.825 minus 1.21666
.etc.


Underfull \hbox (badness 2142) in paragraph at lines 20810--20820
 @textrm li-brary with al-le-gro[]init() or in-stalling the au-tode-tected sys-
tem driver

@hbox(8.2125+2.73749)x433.62, glue set 2.78078
.@glue(@leftskip) 57.81621
.@textrm l
.@textrm i
.@discretionary
..@textrm -
.@textrm b
.etc.

[372] [373] [374] [375] [376]
Underfull \hbox (badness 5696) in paragraph at lines 21106--21108
 []@textrm The Linux li-brary sup-ports the fol-low-ing type pa-ram-e-ters for 
the

@hbox(7.60416+2.12917)x433.62, glue set 3.8485
.@glue(@leftskip) 57.81621
.@hbox(0.0+0.0)x0.0
.@textrm T
.@textrm h
.@textrm e
.etc.

[377] [378] [379] [380] [381] [382] [383] [384] [385]
Overfull \hbox (44.01453pt too wide) in paragraph at lines 21636--21636
 []@texttt DIGI_CORE_AUDIO      - Core-Au-dio dig-i-tal out-put (OS >= X.2 requ
ired)[] |

@hbox(7.60416+2.43333)x433.62
.@glue(@leftskip) 86.72375
.@hbox(0.0+0.0)x0.0
.@texttt D
.@texttt I
.@texttt G
.etc.


Overfull \hbox (55.5119pt too wide) in paragraph at lines 21655--21655
 []@texttt MIDI_CORE_AUDIO      - Core-Au-dio MIDI syn-the-sizer (OS >= X.2 req
uired)[] |

@hbox(7.60416+2.43333)x433.62
.@glue(@leftskip) 86.72375
.@hbox(0.0+0.0)x0.0
.@texttt M
.@texttt I
.@texttt D
.etc.


Overfull \hbox (26.76846pt too wide) in paragraph at lines 21656--21656
 []@texttt MIDI_QUICKTIME       - Quick-Time Mu-sic Note Al-lo-ca-tor MIDI outp
ut[] |

@hbox(6.69167+2.43333)x433.62
.@glue(@leftskip) 86.72375
.@hbox(0.0+0.0)x0.0
.@texttt M
.@texttt I
.@texttt D
.etc.

[386] [387] [388] Chapter 3 [389] [390] [391] [392] [393] [394] [395] [396]
[397]
Underfull \hbox (badness 2653) in paragraph at lines 22363--22370
 []@textrm Creates a com-piled HTML file from the pre-vi-ously gen-er-ated html
 out-put.

@hbox(7.60416+2.12917)x433.62, glue set 2.98393
.@glue(@leftskip) 21.68121
.@hbox(0.0+0.0)x0.0
.@textrm C
.@textrm r
.@textrm e
.etc.


Underfull \hbox (badness 3724) in paragraph at lines 22363--22370
 @textrm This is not a de-fault tar-get, since you need Mi-crosoft's HTML com-p
iler

@hbox(7.60416+2.12917)x433.62, glue set 3.34131
.@glue(@leftskip) 21.68121
.@textrm T
.@textrm h
.@textrm i
.@textrm s
.etc.


Underfull \hbox (badness 7631) in paragraph at lines 22363--22370
 @textrm (http://go.microsoft.com/fwlink/?LinkId=14188), and it has to be in-st
alled

@hbox(8.2125+2.73749)x433.62, glue set 4.24315
.@glue(@leftskip) 21.68121
.@textrm (
.@textrm h
.@kern-0.30418
.@textrm t
.etc.

[398] [399] [400] [401] [402] [403] [404] [405] [406] [407] [408] [409]
[410] [411] [412] [413] [414] [415] [416] [417] [418] [419] [420] [421]
[422] [423] [424] [425] [426] [427] [428] [429] [430] [431] [432] [433]
[434] [435] [436] [437] [438] [439] [440] [441] [442] [443] [444] [445]
[446] [447] [448] [449] [450] Chapter 4 [451] Chapter 5 [452] Chapter 6
[453] [454] (allegro.toc [-1] [-2] [-3] [-4] [-5] [-6] [-7] [-8] [-9] [-10]
[-11] [-12] [-13] [-14] [-15] [-16] [-17] [-18] [-19]) [-20] (allegro.toc)
(allegro.toc) ) 
Here is how much of TeX's memory you used:
 6682 strings out of 97696
 93932 string characters out of 1213645
 106667 words of memory out of 1142177
 6283 multiletter control sequences out of 60000
 32127 words of font info for 112 fonts, out of 1000000 for 2000
 51 hyphenation exceptions out of 8191
 12i,5n,17p,279b,2959s stack positions out of 5000i,500n,10000p,200000b,32768s
PDF statistics:
 11618 PDF objects out of 300000
 1385 named destinations out of 300000
 7289 words of extra memory for PDF output out of 10000
<C:/Programme/MiKTeX 2.5/fonts/type1/bluesky/cm/cmmi10.pfb><C:/P
rogramme/MiKTeX 2.5/fonts/type1/bluesky/cm/cmmi12.pfb><C:/Programme/MiKTeX 2.5/
fonts/type1/bluesky/cm/cmsy10.pfb><C:/Programme/MiKTeX 2.5/fonts/type1/bluesky/
cm/cmbx12.pfb><C:/Programme/MiKTeX 2.5/fonts/type1/bluesky/cm/cmr10.pfb><C:/Pro
gramme/MiKTeX 2.5/fonts/type1/bluesky/cm/cmtt10.pfb>
Output written on allegro.pdf (475 pages, 2797443 bytes).
